  scan_run.cpp
C:\Users\wuwen\Desktop\tcp_ip_scan\ip_sacaner\scan_run.cpp(1,1): warning C4828: 文件包含在偏移 0x680 处开始的字符，该字符在当前源字符集中无效(代码页 65001)。
C:\Users\wuwen\Desktop\tcp_ip_scan\ip_sacaner\scan_run.cpp(1,1): warning C4828: 文件包含在偏移 0x682 处开始的字符，该字符在当前源字符集中无效(代码页 65001)。
C:\Users\wuwen\Desktop\tcp_ip_scan\ip_sacaner\scan_run.cpp(1,1): warning C4828: 文件包含在偏移 0x684 处开始的字符，该字符在当前源字符集中无效(代码页 65001)。
C:\Users\wuwen\Desktop\tcp_ip_scan\ip_sacaner\scan_run.cpp(1,1): warning C4828: 文件包含在偏移 0x686 处开始的字符，该字符在当前源字符集中无效(代码页 65001)。
C:\Users\wuwen\Desktop\tcp_ip_scan\ip_sacaner\scan_run.cpp(1,1): warning C4828: 文件包含在偏移 0x689 处开始的字符，该字符在当前源字符集中无效(代码页 65001)。
C:\Users\wuwen\Desktop\tcp_ip_scan\ip_sacaner\scan_run.cpp(1,1): warning C4828: 文件包含在偏移 0x6d9 处开始的字符，该字符在当前源字符集中无效(代码页 65001)。
C:\Users\wuwen\Desktop\tcp_ip_scan\ip_sacaner\scan_run.cpp(1,1): warning C4828: 文件包含在偏移 0x6db 处开始的字符，该字符在当前源字符集中无效(代码页 65001)。
C:\Users\wuwen\Desktop\tcp_ip_scan\ip_sacaner\scan_run.cpp(1,1): warning C4828: 文件包含在偏移 0x6dd 处开始的字符，该字符在当前源字符集中无效(代码页 65001)。
C:\Users\wuwen\Desktop\tcp_ip_scan\ip_sacaner\scan_run.cpp(1,1): warning C4828: 文件包含在偏移 0x6e2 处开始的字符，该字符在当前源字符集中无效(代码页 65001)。
C:\Users\wuwen\Desktop\tcp_ip_scan\ip_sacaner\scan_run.cpp(1,1): warning C4828: 文件包含在偏移 0x829 处开始的字符，该字符在当前源字符集中无效(代码页 65001)。
C:\Users\wuwen\Desktop\tcp_ip_scan\ip_sacaner\scan_run.cpp(1,1): warning C4828: 文件包含在偏移 0x82a 处开始的字符，该字符在当前源字符集中无效(代码页 65001)。
C:\Users\wuwen\Desktop\tcp_ip_scan\ip_sacaner\scan_run.cpp(1,1): warning C4828: 文件包含在偏移 0x82c 处开始的字符，该字符在当前源字符集中无效(代码页 65001)。
C:\Users\wuwen\Desktop\tcp_ip_scan\ip_sacaner\scan_run.cpp(1,1): warning C4828: 文件包含在偏移 0x8c2 处开始的字符，该字符在当前源字符集中无效(代码页 65001)。
C:\Users\wuwen\Desktop\tcp_ip_scan\ip_sacaner\scan_run.cpp(1,1): warning C4828: 文件包含在偏移 0x8c3 处开始的字符，该字符在当前源字符集中无效(代码页 65001)。
C:\Users\wuwen\Desktop\tcp_ip_scan\ip_sacaner\scan_run.cpp(1,1): warning C4828: 文件包含在偏移 0x8c7 处开始的字符，该字符在当前源字符集中无效(代码页 65001)。
C:\Users\wuwen\Desktop\tcp_ip_scan\ip_sacaner\scan_run.cpp(1,1): warning C4828: 文件包含在偏移 0x8c8 处开始的字符，该字符在当前源字符集中无效(代码页 65001)。
C:\Users\wuwen\Desktop\tcp_ip_scan\ip_sacaner\scan_run.cpp(1,1): warning C4828: 文件包含在偏移 0x8c9 处开始的字符，该字符在当前源字符集中无效(代码页 65001)。
C:\Users\wuwen\Desktop\tcp_ip_scan\ip_sacaner\scan_run.cpp(1,1): warning C4828: 文件包含在偏移 0x958 处开始的字符，该字符在当前源字符集中无效(代码页 65001)。
C:\Users\wuwen\Desktop\tcp_ip_scan\ip_sacaner\scan_run.cpp(1,1): warning C4828: 文件包含在偏移 0x959 处开始的字符，该字符在当前源字符集中无效(代码页 65001)。
C:\Users\wuwen\Desktop\tcp_ip_scan\ip_sacaner\scan_run.cpp(1,1): warning C4828: 文件包含在偏移 0x95b 处开始的字符，该字符在当前源字符集中无效(代码页 65001)。
C:\Users\wuwen\Desktop\tcp_ip_scan\ip_sacaner\scan_run.cpp(1,1): warning C4828: 文件包含在偏移 0x95e 处开始的字符，该字符在当前源字符集中无效(代码页 65001)。
C:\Users\wuwen\Desktop\tcp_ip_scan\ip_sacaner\scan_run.cpp(1,1): warning C4828: 文件包含在偏移 0x95f 处开始的字符，该字符在当前源字符集中无效(代码页 65001)。
C:\Users\wuwen\Desktop\tcp_ip_scan\ip_sacaner\scan_run.cpp(1,1): warning C4828: 文件包含在偏移 0xa21 处开始的字符，该字符在当前源字符集中无效(代码页 65001)。
C:\Users\wuwen\Desktop\tcp_ip_scan\ip_sacaner\scan_run.cpp(1,1): warning C4828: 文件包含在偏移 0xa26 处开始的字符，该字符在当前源字符集中无效(代码页 65001)。
C:\Users\wuwen\Desktop\tcp_ip_scan\ip_sacaner\scan_run.cpp(1,1): warning C4828: 文件包含在偏移 0xa28 处开始的字符，该字符在当前源字符集中无效(代码页 65001)。
C:\Users\wuwen\Desktop\tcp_ip_scan\ip_sacaner\scan_run.cpp(1,1): warning C4828: 文件包含在偏移 0xba8 处开始的字符，该字符在当前源字符集中无效(代码页 65001)。
C:\Users\wuwen\Desktop\tcp_ip_scan\ip_sacaner\scan_run.cpp(1,1): warning C4828: 文件包含在偏移 0xba9 处开始的字符，该字符在当前源字符集中无效(代码页 65001)。
C:\Users\wuwen\Desktop\tcp_ip_scan\ip_sacaner\scan_run.cpp(1,1): warning C4828: 文件包含在偏移 0xbaa 处开始的字符，该字符在当前源字符集中无效(代码页 65001)。
C:\Users\wuwen\Desktop\tcp_ip_scan\ip_sacaner\scan_run.cpp(1,1): warning C4828: 文件包含在偏移 0xbad 处开始的字符，该字符在当前源字符集中无效(代码页 65001)。
C:\Users\wuwen\Desktop\tcp_ip_scan\ip_sacaner\scan_run.cpp(1,1): warning C4828: 文件包含在偏移 0xbaf 处开始的字符，该字符在当前源字符集中无效(代码页 65001)。
C:\Users\wuwen\Desktop\tcp_ip_scan\ip_sacaner\scan_run.cpp(1,1): warning C4828: 文件包含在偏移 0xc7e 处开始的字符，该字符在当前源字符集中无效(代码页 65001)。
C:\Users\wuwen\Desktop\tcp_ip_scan\ip_sacaner\scan_run.cpp(1,1): warning C4828: 文件包含在偏移 0xc7f 处开始的字符，该字符在当前源字符集中无效(代码页 65001)。
C:\Users\wuwen\Desktop\tcp_ip_scan\ip_sacaner\scan_run.cpp(1,1): warning C4828: 文件包含在偏移 0xc82 处开始的字符，该字符在当前源字符集中无效(代码页 65001)。
C:\Users\wuwen\Desktop\tcp_ip_scan\ip_sacaner\scan_run.cpp(1,1): warning C4828: 文件包含在偏移 0xc83 处开始的字符，该字符在当前源字符集中无效(代码页 65001)。
C:\Users\wuwen\Desktop\tcp_ip_scan\ip_sacaner\scan_run.cpp(1,1): warning C4828: 文件包含在偏移 0xc87 处开始的字符，该字符在当前源字符集中无效(代码页 65001)。
C:\Users\wuwen\Desktop\tcp_ip_scan\ip_sacaner\scan_run.cpp(1,1): warning C4828: 文件包含在偏移 0xcd1 处开始的字符，该字符在当前源字符集中无效(代码页 65001)。
C:\Users\wuwen\Desktop\tcp_ip_scan\ip_sacaner\scan_run.cpp(1,1): warning C4828: 文件包含在偏移 0xcd2 处开始的字符，该字符在当前源字符集中无效(代码页 65001)。
C:\Users\wuwen\Desktop\tcp_ip_scan\ip_sacaner\scan_run.cpp(1,1): warning C4828: 文件包含在偏移 0xcd4 处开始的字符，该字符在当前源字符集中无效(代码页 65001)。
C:\Users\wuwen\Desktop\tcp_ip_scan\ip_sacaner\scan_run.cpp(1,1): warning C4828: 文件包含在偏移 0xcd7 处开始的字符，该字符在当前源字符集中无效(代码页 65001)。
C:\Users\wuwen\Desktop\tcp_ip_scan\ip_sacaner\scan_run.cpp(1,1): warning C4828: 文件包含在偏移 0xcd8 处开始的字符，该字符在当前源字符集中无效(代码页 65001)。
C:\Users\wuwen\Desktop\tcp_ip_scan\ip_sacaner\scan_run.cpp(1,1): warning C4828: 文件包含在偏移 0xd86 处开始的字符，该字符在当前源字符集中无效(代码页 65001)。
C:\Users\wuwen\Desktop\tcp_ip_scan\ip_sacaner\scan_run.cpp(1,1): warning C4828: 文件包含在偏移 0xd8b 处开始的字符，该字符在当前源字符集中无效(代码页 65001)。
C:\Users\wuwen\Desktop\tcp_ip_scan\ip_sacaner\scan_run.cpp(1,1): warning C4828: 文件包含在偏移 0xd8d 处开始的字符，该字符在当前源字符集中无效(代码页 65001)。
C:\Users\wuwen\Desktop\tcp_ip_scan\ip_sacaner\scan_run.cpp(1,1): warning C4828: 文件包含在偏移 0xeec 处开始的字符，该字符在当前源字符集中无效(代码页 65001)。
C:\Users\wuwen\Desktop\tcp_ip_scan\ip_sacaner\scan_run.cpp(1,1): warning C4828: 文件包含在偏移 0xeed 处开始的字符，该字符在当前源字符集中无效(代码页 65001)。
C:\Users\wuwen\Desktop\tcp_ip_scan\ip_sacaner\scan_run.cpp(1,1): warning C4828: 文件包含在偏移 0xeee 处开始的字符，该字符在当前源字符集中无效(代码页 65001)。
C:\Users\wuwen\Desktop\tcp_ip_scan\ip_sacaner\scan_run.cpp(1,1): warning C4828: 文件包含在偏移 0xef1 处开始的字符，该字符在当前源字符集中无效(代码页 65001)。
C:\Users\wuwen\Desktop\tcp_ip_scan\ip_sacaner\scan_run.cpp(1,1): warning C4828: 文件包含在偏移 0xef3 处开始的字符，该字符在当前源字符集中无效(代码页 65001)。
C:\Users\wuwen\Desktop\tcp_ip_scan\ip_sacaner\scan_run.cpp(66,17): warning C4189: “m_socket”: 局部变量已初始化但不引用
  ip_sacaner.vcxproj -> C:\Users\wuwen\Desktop\tcp_ip_scan\ip_sacaner\debug\ip_sacaner.exe
